<?xml version="1.0" encoding="UTF-8"?>
<!-- Generated by org.testng.reporters.JUnitReportReporter -->
<testsuite skipped="0" hostname="C02R4R09FVH5" name="MarvelApi.com.marvel.api.marvelApiTesting" tests="3" failures="0" timestamp="20 Jan 2020 17:13:24 GMT" time="24.734" errors="0">
  <testcase name="getCharactersWithDescription" time="18.392" classname="MarvelApi.com.marvel.api.marvelApiTesting"/>
  <testcase name="getCharactersListFromSeriesId" time="4.354" classname="MarvelApi.com.marvel.api.marvelApiTesting"/>
  <testcase name="storieshavingCharactersWithoutDescription" time="1.988" classname="MarvelApi.com.marvel.api.marvelApiTesting"/>
</testsuite> <!-- MarvelApi.com.marvel.api.marvelApiTesting -->
